<?xml version="1.0" encoding="UTF-8"?>
<!-- Generated by org.testng.reporters.JUnitReportReporter -->
<testsuite hostname="DESKTOP-ESENG68" failures="0" tests="3" name="TestSuite.TC01" time="0.013" errors="0" timestamp="19 May 2018 03:54:20 GMT" skipped="0">
  <testcase classname="TestSuite.TC01" name="login" time="0.001"/>
  <testcase classname="TestSuite.TC01" name="dropdown" time="0.011"/>
  <testcase classname="TestSuite.TC01" name="radios" time="0.001"/>
</testsuite> <!-- TestSuite.TC01 -->
